d:\working\desktoplauncher\desktoplauncher\release\desktoplauncher.pch
d:\working\desktoplauncher\desktoplauncher\release\vc141.pdb
d:\working\desktoplauncher\desktoplauncher\release\pch.obj
d:\working\desktoplauncher\desktoplauncher\release\linkctrl.obj
d:\working\desktoplauncher\desktoplauncher\release\desktoplauncherdlg.obj
d:\working\desktoplauncher\desktoplauncher\release\desktoplauncher.obj
d:\working\desktoplauncher\release\desktoplauncher.ipdb
d:\working\desktoplauncher\release\desktoplauncher.iobj
d:\working\desktoplauncher\release\desktoplauncher.exe
d:\working\desktoplauncher\release\desktoplauncher.pdb
d:\working\desktoplauncher\desktoplauncher\release\desktoplauncher.res
d:\working\desktoplauncher\desktoplauncher\release\desktoplauncher.tlog\cl.command.1.tlog
d:\working\desktoplauncher\desktoplauncher\release\desktoplauncher.tlog\cl.read.1.tlog
d:\working\desktoplauncher\desktoplauncher\release\desktoplauncher.tlog\cl.write.1.tlog
d:\working\desktoplauncher\desktoplauncher\release\desktoplauncher.tlog\desktoplauncher.write.1u.tlog
d:\working\desktoplauncher\desktoplauncher\release\desktoplauncher.tlog\link.command.1.tlog
d:\working\desktoplauncher\desktoplauncher\release\desktoplauncher.tlog\link.read.1.tlog
d:\working\desktoplauncher\desktoplauncher\release\desktoplauncher.tlog\link.write.1.tlog
d:\working\desktoplauncher\desktoplauncher\release\desktoplauncher.tlog\rc.command.1.tlog
d:\working\desktoplauncher\desktoplauncher\release\desktoplauncher.tlog\rc.read.1.tlog
d:\working\desktoplauncher\desktoplauncher\release\desktoplauncher.tlog\rc.write.1.tlog
